1537689642529	geckodriver	INFO	geckodriver 0.21.0
1537689642545	geckodriver	INFO	Listening on 127.0.0.1:51309
1537689645602	mozrunner::runner	INFO	Running command: "C:\\Program Files\\Mozilla Firefox\\firefox.exe" "-marionette" "-foreground" "-no-remote" "-profile" "C:\\Users\\xdclass\\AppData\\Local\\Temp\\rust_mozprofile.vGSccJgJ1Yvj"
1537689647768	Marionette	INFO	Listening on port 51317
1537689647873	Marionette	WARN	TLS certificate errors will be ignored for this session
1537689647917	Marionette	DEBUG	[6442450945] Frame script loaded
1537689647922	Marionette	DEBUG	[6442450945] Frame script registered
1537689647954	Marionette	DEBUG	[6442450945] Received DOM event beforeunload for about:blank
1537689648581	Marionette	DEBUG	[6442450945] Received DOM event pagehide for about:blank
1537689648937	Marionette	DEBUG	[6442450945] Received DOM event DOMContentLoaded for https://xdclass.net/#/
1537689649253	Marionette	DEBUG	[6442450945] Received DOM event pageshow for https://xdclass.net/#/index
1537689652636	Marionette	DEBUG	[6442450945] Canceled page load listener because no navigation has been detected
1537690157350	addons.productaddons	WARN	Failed downloading via XHR, status: 0, reason: error
1537690157350	addons.xpi	ERROR	Failed to download system add-on telemetry-coverage-bug1487578@mozilla.org: Error: Failed downloading via XHR, status: 0, reason: error (resource://gre/modules/addons/ProductAddonChecker.jsm:314:16) JS Stack trace: fail@ProductAddonChecker.jsm:314:16
1537690157352	addons.productaddons	WARN	Failed downloading via XHR, status: 0, reason: error
1537690157353	addons.xpi	ERROR	Failed to download system add-on fxmonitor@mozilla.org: Error: Failed downloading via XHR, status: 0, reason: error (resource://gre/modules/addons/ProductAddonChecker.jsm:314:16) JS Stack trace: fail@ProductAddonChecker.jsm:314:16
1537690157354	addons.manager	WARN	Failed to update system addons: Error: Rejecting updated system add-on set that either could not be downloaded or contained unusable add-ons. (resource://gre/modules/addons/XPIInstall.jsm:3645:13) JS Stack trace: updateSystemAddons@XPIInstall.jsm:3645:13
[Parent 1948, Gecko_IOThread] WARNING: pipe error: 109: file z:/build/build/src/ipc/chromium/src/chrome/common/ipc_channel_win.cc, line 346
[Child 4964, Chrome_ChildThread] WARNING: pipe error: 109: file z:/build/build/src/ipc/chromium/src/chrome/common/ipc_channel_win.cc, line 346
[Child 4964, Chrome_ChildThread] WARNING: pipe error: 109: file z:/build/build/src/ipc/chromium/src/chrome/common/ipc_channel_win.cc, line 346

###!!! [Child][RunMessage] Error: Channel closing: too late to send/recv, messages will be lost

[Parent 1948, Gecko_IOThread] WARNING: pipe error: 109: file z:/build/build/src/ipc/chromium/src/chrome/common/ipc_channel_win.cc, line 346
[Child 4652, Chrome_ChildThread] WARNING: pipe error: 109: file z:/build/build/src/ipc/chromium/src/chrome/common/ipc_channel_win.cc, line 346
[Parent 1948, Gecko_IOThread] WARNING: pipe error: 109: file z:/build/build/src/ipc/chromium/src/chrome/common/ipc_channel_win.cc, line 346
[Child 4104, Chrome_ChildThread] WARNING: pipe error: 109: file z:/build/build/src/ipc/chromium/src/chrome/common/ipc_channel_win.cc, line 346
[Child 4104, Chrome_ChildThread] WARNING: pipe error: 109: file z:/build/build/src/ipc/chromium/src/chrome/common/ipc_channel_win.cc, line 346
1537698290407	Marionette	INFO	Stopped listening on port 51317
ipe error: 109: file z:/build/build/src/ipc/chromium/src/chrome/common/ipc_channel_win.cc, line 346
[Child 3964, Chrome_ChildThread] WARNING: pipe error: 109: file z:/build/build/src/ipc/chromium/src/chrome/common/ipc_channel_win.cc, line 346
[Parent 6816, Gecko_IOThread] WARNING: pipe error: 109: file z:/build/build/src/ipc/chromium/src/chrome/common/ipc_channel_win.cc, line 346
[Child 6920, Chrome_ChildThread] WARNING: pipe error: 109: file z:/build/build/src/ipc/chromium/src/chrome/common/ipc_channel_win.cc, line 346
[Child 6920, Chrome_ChildThread] WARNING: pipe error: 109: file z:/build/build/src/ipc/chromium/src/chrome/common/ipc_channel_win.cc, line 346
1537698289277	Marionette	INFO	Stopped listening on port 51466
rionette	DEBUG	[6442450945] Received DOM event pageshow for https://xdclass.net/#/index
1537695540287	Marionette	DEBUG	[6442450945] Canceled page load listener because no navigation has been detected
JavaScript error: https://ss1.bdstatic.com/5eN1bjq8AAUYm2zgoY3K/r/www/cache/static/protocol/https/plugins/every_cookie_4644b13.js, line 4: ReferenceError: c is not defined
[Parent 6940, Gecko_IOThread] WARNING: pipe error: 109: file z:/build/build/src/ipc/chromium/src/chrome/common/ipc_channel_win.cc, line 346
[Parent 6940, Gecko_IOThread] WARNING: pipe error: 109: file z:/build/build/src/ipc/chromium/src/chrome/common/ipc_channel_win.cc, line 346
JavaScript error: resource://devtools/shared/base-loader.js -> resource://devtools/server/actors/highlighters/auto-refresh.js, line 202: TypeError: this.win is null
JavaScript error: resource://devtools/shared/base-loader.js -> resource://devtools/server/actors/highlighters/auto-refresh.js, line 202: TypeError: this.win is null
JavaScript error: resource://devtools/shared/base-loader.js -> resource://devtools/server/actors/highlighters/auto-refresh.js, line 202: TypeError: this.win is null
JavaScript error: resource://devtools/shared/base-loader.js -> resource://devtools/server/actors/highlighters/auto-refresh.js, line 202: TypeError: this.win is null
JavaScript error: resource://devtools/shared/base-loader.js -> resource://devtools/server/actors/highlighters/auto-refresh.js, line 202: TypeError: this.win is null
JavaScript error: resource://devtools/shared/base-loader.js -> resource://devtools/server/actors/highlighters/auto-refresh.js, line 202: TypeError: this.win is null
JavaScript error: resource://devtools/shared/base-loader.js -> resource://devtools/server/actors/highlighters/auto-refresh.js, line 202: TypeError: this.win is null
JavaScript error: resource://devtools/shared/base-loader.js -> resource://devtools/server/actors/highlighters/auto-refresh.js, line 202: TypeError: this.win is null
JavaScript error: resource://devtools/shared/base-loader.js -> resource://devtools/server/actors/highlighters/auto-refresh.js, line 202: TypeError: this.win is null
JavaScript error: resource://devtools/shared/base-loader.js -> resource://devtools/server/actors/highlighters/auto-refresh.js, line 202: TypeError: this.win is null
JavaScript error: resource://devtools/shared/base-loader.js -> resource://devtools/server/actors/highlighters/auto-refresh.js, line 202: TypeError: this.win is null
JavaScript error: resource://devtools/shared/base-loader.js -> resource://devtools/server/actors/highlighters/auto-refresh.js, line 202: TypeError: this.win is null
JavaScript error: resource://devtools/shared/base-loader.js -> resource://devtools/server/actors/highlighters/auto-refresh.js, line 202: TypeError: this.win is null
JavaScript error: resource://devtools/shared/base-loader.js -> resource://devtools/server/actors/highlighters/auto-refresh.js, line 202: TypeError: this.win is null
JavaScript error: resource://devtools/shared/base-loader.js -> resource://devtools/server/actors/highlighters/auto-refresh.js, line 202: TypeError: this.win is null
JavaScript error: resource://devtools/shared/base-loader.js -> resource://devtools/server/actors/highlighters/auto-refresh.js, line 202: TypeError: this.win is null
JavaScript error: resource://devtools/shared/base-loader.js -> resource://devtools/server/actors/highlighters/auto-refresh.js, line 202: TypeError: this.win is null
JavaScript error: resource://devtools/shared/base-loader.js -> resource://devtools/server/actors/highlighters/auto-refresh.js, line 202: TypeError: this.win is null
JavaScript error: resource://devtools/shared/base-loader.js -> resource://devtools/server/actors/highlighters/auto-refresh.js, line 202: TypeError: this.win is null
JavaScript error: resource://devtools/shared/base-loader.js -> resource://devtools/server/actors/highlighters/auto-refresh.js, line 202: TypeError: this.win is null
JavaScript error: resource://devtools/shared/base-loader.js -> resource://devtools/server/actors/highlighters/auto-refresh.js, line 202: TypeError: this.win is null
JavaScript error: resource://devtools/shared/base-loader.js -> resource://devtools/server/actors/highlighters/auto-refresh.js, line 202: TypeError: this.win is null
JavaScript error: resource://devtools/shared/base-loader.js -> resource://devtools/server/actors/highlighters/auto-refresh.js, line 202: TypeError: this.win is null
JavaScript error: resource://devtools/shared/base-loader.js -> resource://devtools/server/actors/highlighters/auto-refresh.js, line 202: TypeError: this.win is null
JavaScript error: resource://devtools/shared/base-loader.js -> resource://devtools/server/actors/highlighters/auto-refresh.js, line 202: TypeError: this.win is null
JavaScript error: resource://devtools/shared/base-loader.js -> resource://devtools/server/actors/highlighters/auto-refresh.js, line 202: TypeError: this.win is null
JavaScript error: resource://devtools/shared/base-loader.js -> resource://devtools/server/actors/highlighters/auto-refresh.js, line 202: TypeError: this.win is null
JavaScript error: resource://devtools/shared/base-loader.js -> resource://devtools/server/actors/highlighters/auto-refresh.js, line 202: TypeError: this.win is null
JavaScript error: resource://devtools/shared/base-loader.js -> resource://devtools/server/actors/highlighters/auto-refresh.js, line 202: TypeError: this.win is null
JavaScript error: resource://devtools/shared/base-loader.js -> resource://devtools/server/actors/highlighters/auto-refresh.js, line 202: TypeError: this.win is null
JavaScript error: resource://devtools/shared/base-loader.js -> resource://devtools/server/actors/highlighters/auto-refresh.js, line 202: TypeError: this.win is null
JavaScript error: resource://devtools/shared/base-loader.js -> resource://devtools/server/actors/highlighters/auto-refresh.js, line 202: TypeError: this.win is null
JavaScript error: resource://devtools/shared/base-loader.js -> resource://devtools/server/actors/highlighters/auto-refresh.js, line 202: TypeError: this.win is null
JavaScript error: resource://devtools/shared/base-loader.js -> resource://devtools/server/actors/highlighters/auto-refresh.js, line 202: TypeError: this.win is null
JavaScript error: resource://devtools/shared/base-loader.js -> resource://devtools/server/actors/highlighters/auto-refresh.js, line 202: TypeError: this.win is null
JavaScript error: resource://devtools/shared/base-loader.js -> resource://devtools/server/actors/highlighters/auto-refresh.js, line 202: TypeError: this.win is null
JavaScript error: resource://devtools/shared/base-loader.js -> resource://devtools/server/actors/highlighters/auto-refresh.js, line 202: TypeError: this.win is null
JavaScript error: resource://devtools/shared/base-loader.js -> resource://devtools/server/actors/highlighters/auto-refresh.js, line 202: TypeError: this.win is null
JavaScript error: resource://devtools/shared/base-loader.js -> resource://devtools/server/actors/highlighters/auto-refresh.js, line 202: TypeError: this.win is null
JavaScript error: resource://devtools/shared/base-loader.js -> resource://devtools/server/actors/highlighters/auto-refresh.js, line 202: TypeError: this.win is null
JavaScript error: resource://devtools/shared/base-loader.js -> resource://devtools/server/actors/highlighters/auto-refresh.js, line 202: TypeError: this.win is null
JavaScript error: resource://devtools/shared/base-loader.js -> resource://devtools/server/actors/highlighters/auto-refresh.js, line 202: TypeError: this.win is null
JavaScript error: resource://devtools/shared/base-loader.js -> resource://devtools/server/actors/highlighters/auto-refresh.js, line 202: TypeError: this.win is null
JavaScript error: resource://devtools/shared/base-loader.js -> resource://devtools/server/actors/highlighters/auto-refresh.js, line 202: TypeError: this.win is null
JavaScript error: resource://devtools/shared/base-loader.js -> resource://devtools/server/actors/highlighters/auto-refresh.js, line 202: TypeError: this.win is null
JavaScript error: resource://devtools/shared/base-loader.js -> resource://devtools/server/actors/highlighters/auto-refresh.js, line 202: TypeError: this.win is null
JavaScript error: resource://devtools/shared/base-loader.js -> resource://devtools/server/actors/highlighters/auto-refresh.js, line 202: TypeError: this.win is null
JavaScript error: resource://devtools/shared/base-loader.js -> resource://devtools/server/actors/highlighters/auto-refresh.js, line 202: TypeError: this.win is null
JavaScript error: resource://devtools/shared/base-loader.js -> resource://devtools/server/actors/highlighters/auto-refresh.js, line 202: TypeError: this.win is null
JavaScript error: resource://devtools/shared/base-loader.js -> resource://devtools/server/actors/highlighters/auto-refresh.js, line 202: TypeError: this.win is null
JavaScript error: resource://devtools/shared/base-loader.js -> resource://devtools/server/actors/highlighters/auto-refresh.js, line 202: TypeError: this.win is null
JavaScript error: resource://devtools/shared/base-loader.js -> resource://devtools/server/actors/highlighters/auto-refresh.js, line 202: TypeError: this.win is null
JavaScript error: resource://devtools/shared/base-loader.js -> resource://devtools/server/actors/highlighters/auto-refresh.js, line 202: TypeError: this.win is null
JavaScript error: resource://devtools/shared/base-loader.js -> resource://devtools/server/actors/highlighters/auto-refresh.js, line 202: TypeError: this.win is null
JavaScript error: resource://devtools/shared/base-loader.js -> resource://devtools/server/actors/highlighters/auto-refresh.js, line 202: TypeError: this.win is null
JavaScript error: resource://devtools/shared/base-loader.js -> resource://devtools/server/actors/highlighters/auto-refresh.js, line 202: TypeError: this.win is null
JavaScript error: resource://devtools/shared/base-loader.js -> resource://devtools/server/actors/highlighters/auto-refresh.js, line 202: TypeError: this.win is null
JavaScript error: resource://devtools/shared/base-loader.js -> resource://devtools/server/actors/highlighters/auto-refresh.js, line 202: TypeError: this.win is null
JavaScript error: resource://devtools/shared/base-loader.js -> resource://devtools/server/actors/highlighters/auto-refresh.js, line 202: TypeError: this.win is null
JavaScript error: resource://devtools/shared/base-loader.js -> resource://devtools/server/actors/highlighters/auto-refresh.js, line 202: TypeError: this.win is null
JavaScript error: resource://devtools/shared/base-loader.js -> resource://devtools/server/actors/highlighters/auto-refresh.js, line 202: TypeError: this.win is null
JavaScript error: resource://devtools/shared/base-loader.js -> resource://devtools/server/actors/highlighters/auto-refresh.js, line 202: TypeError: this.win is null
JavaScript error: resource://devtools/shared/base-loader.js -> resource://devtools/server/actors/highlighters/auto-refresh.js, line 202: TypeError: this.win is null
JavaScript error: resource://devtools/shared/base-loader.js -> resource://devtools/server/actors/highlighters/auto-refresh.js, line 202: TypeError: this.win is null
JavaScript error: resource://devtools/shared/base-loader.js -> resource://devtools/server/actors/highlighters/auto-refresh.js, line 202: TypeError: this.win is null
JavaScript error: resource://devtools/shared/base-loader.js -> resource://devtools/server/actors/highlighters/auto-refresh.js, line 202: TypeError: this.win is null
JavaScript error: resource://devtools/shared/base-loader.js -> resource://devtools/server/actors/highlighters/auto-refresh.js, line 202: TypeError: this.win is null
JavaScript error: resource://devtools/shared/base-loader.js -> resource://devtools/server/actors/highlighters/auto-refresh.js, line 202: TypeError: this.win is null
JavaScript error: resource://devtools/shared/base-loader.js -> resource://devtools/server/actors/highlighters/auto-refresh.js, line 202: TypeError: this.win is null
JavaScript error: resource://devtools/shared/base-loader.js -> resource://devtools/server/actors/highlighters/auto-refresh.js, line 202: TypeError: this.win is null
JavaScript error: resource://devtools/shared/base-loader.js -> resource://devtools/server/actors/highlighters/auto-refresh.js, line 202: TypeError: this.win is null
JavaScript error: resource://devtools/shared/base-loader.js -> resource://devtools/server/actors/highlighters/auto-refresh.js, line 202: TypeError: this.win is null
JavaScript error: resource://devtools/shared/base-loader.js -> resource://devtools/server/actors/highlighters/auto-refresh.js, line 202: TypeError: this.win is null
JavaScript error: resource://devtools/shared/base-loader.js -> resource://devtools/server/actors/highlighters/auto-refresh.js, line 202: TypeError: this.win is null
JavaScript error: resource://devtools/shared/base-loader.js -> resource://devtools/server/actors/highlighters/auto-refresh.js, line 202: TypeError: this.win is null
JavaScript error: resource://devtools/shared/base-loader.js -> resource://devtools/server/actors/highlighters/auto-refresh.js, line 202: TypeError: this.win is null
JavaScript error: resource://devtools/shared/base-loader.js -> resource://devtools/server/actors/highlighters/auto-refresh.js, line 202: TypeError: this.win is null
JavaScript error: resource://devtools/shared/base-loader.js -> resource://devtools/server/actors/highlighters/auto-refresh.js, line 202: TypeError: this.win is null
JavaScript error: resource://devtools/shared/base-loader.js -> resource://devtools/server/actors/highlighters/auto-refresh.js, line 202: TypeError: this.win is null
JavaScript error: resource://devtools/shared/base-loader.js -> resource://devtools/server/actors/highlighters/auto-refresh.js, line 202: TypeError: this.win is null
JavaScript error: resource://devtools/shared/base-loader.js -> resource://devtools/server/actors/highlighters/auto-refresh.js, line 202: TypeError: this.win is null
JavaScript error: resource://devtools/shared/base-loader.js -> resource://devtools/server/actors/highlighters/auto-refresh.js, line 202: TypeError: this.win is null
JavaScript error: resource://devtools/shared/base-loader.js -> resource://devtools/server/actors/highlighters/auto-refresh.js, line 202: TypeError: this.win is null
JavaScript error: resource://devtools/shared/base-loader.js -> resource://devtools/server/actors/highlighters/auto-refresh.js, line 202: TypeError: this.win is null
JavaScript error: resource://devtools/shared/base-loader.js -> resource://devtools/server/actors/highlighters/auto-refresh.js, line 202: TypeError: this.win is null
JavaScript error: resource://devtools/shared/base-loader.js -> resource://devtools/server/actors/highlighters/auto-refresh.js, line 202: TypeError: this.win is null
JavaScript error: resource://devtools/shared/base-loader.js -> resource://devtools/server/actors/highlighters/auto-refresh.js, line 202: TypeError: this.win is null
JavaScript error: resource://devtools/shared/base-loader.js -> resource://devtools/server/actors/highlighters/auto-refresh.js, line 202: TypeError: this.win is null
JavaScript error: resource://devtools/shared/base-loader.js -> resource://devtools/server/actors/highlighters/auto-refresh.js, line 202: TypeError: this.win is null
JavaScript error: resource://devtools/shared/base-loader.js -> resource://devtools/server/actors/highlighters/auto-refresh.js, line 202: TypeError: this.win is null
JavaScript error: resource://devtools/shared/base-loader.js -> resource://devtools/server/actors/highlighters/auto-refresh.js, line 202: TypeError: this.win is null
JavaScript error: resource://devtools/shared/base-loader.js -> resource://devtools/server/actors/highlighters/auto-refresh.js, line 202: TypeError: this.win is null
JavaScript error: resource://devtools/shared/base-loader.js -> resource://devtools/server/actors/highlighters/auto-refresh.js, line 202: TypeError: this.win is null
JavaScript error: resource://devtools/shared/base-loader.js -> resource://devtools/server/actors/highlighters/auto-refresh.js, line 202: TypeError: this.win is null
JavaScript error: resource://devtools/shared/base-loader.js -> resource://devtools/server/actors/highlighters/auto-refresh.js, line 202: TypeError: this.win is null
JavaScript error: resource://devtools/shared/base-loader.js -> resource://devtools/server/actors/highlighters/auto-refresh.js, line 202: TypeError: this.win is null
JavaScript error: resource://devtools/shared/base-loader.js -> resource://devtools/server/actors/highlighters/auto-refresh.js, line 202: TypeError: this.win is null
JavaScript error: resource://devtools/shared/base-loader.js -> resource://devtools/server/actors/highlighters/auto-refresh.js, line 202: TypeError: this.win is null
JavaScript error: resource://devtools/shared/base-loader.js -> resource://devtools/server/actors/highlighters/auto-refresh.js, line 202: TypeError: this.win is null
JavaScript error: resource://devtools/shared/base-loader.js -> resource://devtools/server/actors/highlighters/auto-refresh.js, line 202: TypeError: this.win is null
JavaScript error: resource://devtools/shared/base-loader.js -> resource://devtools/server/actors/highlighters/auto-refresh.js, line 202: TypeError: this.win is null
JavaScript error: resource://devtools/shared/base-loader.js -> resource://devtools/server/actors/highlighters/auto-refresh.js, line 202: TypeError: this.win is null
JavaScript error: resource://devtools/shared/base-loader.js -> resource://devtools/server/actors/highlighters/auto-refresh.js, line 202: TypeError: this.win is null
JavaScript error: resource://devtools/shared/base-loader.js -> resource://devtools/server/actors/highlighters/auto-refresh.js, line 202: TypeError: this.win is null
JavaScript error: resource://devtools/shared/base-loader.js -> resource://devtools/server/actors/highlighters/auto-refresh.js, line 202: TypeError: this.win is null
JavaScript error: resource://devtools/shared/base-loader.js -> resource://devtools/server/actors/highlighters/auto-refresh.js, line 202: TypeError: this.win is null
JavaScript error: resource://devtools/shared/base-loader.js -> resource://devtools/server/actors/highlighters/auto-refresh.js, line 202: TypeError: this.win is null
JavaScript error: resource://devtools/shared/base-loader.js -> resource://devtools/server/actors/highlighters/auto-refresh.js, line 202: TypeError: this.win is null
JavaScript error: resource://devtools/shared/base-loader.js -> resource://devtools/server/actors/highlighters/auto-refresh.js, line 202: TypeError: this.win is null
JavaScript error: resource://devtools/shared/base-loader.js -> resource://devtools/server/actors/highlighters/auto-refresh.js, line 202: TypeError: this.win is null
JavaScript error: resource://devtools/shared/base-loader.js -> resource://devtools/server/actors/highlighters/auto-refresh.js, line 202: TypeError: this.win is null
JavaScript error: resource://devtools/shared/base-loader.js -> resource://devtools/server/actors/highlighters/auto-refresh.js, line 202: TypeError: this.win is null
JavaScript error: resource://devtools/shared/base-loader.js -> resource://devtools/server/actors/highlighters/auto-refresh.js, line 202: TypeError: this.win is null
JavaScript error: resource://devtools/shared/base-loader.js -> resource://devtools/server/actors/highlighters/auto-refresh.js, line 202: TypeError: this.win is null
JavaScript error: resource://devtools/shared/base-loader.js -> resource://devtools/server/actors/highlighters/auto-refresh.js, line 202: TypeError: this.win is null
JavaScript error: resource://devtools/shared/base-loader.js -> resource://devtools/server/actors/highlighters/auto-refresh.js, line 202: TypeError: this.win is null
JavaScript error: resource://devtools/shared/base-loader.js -> resource://devtools/server/actors/highlighters/auto-refresh.js, line 202: TypeError: this.win is null
JavaScript error: resource://devtools/shared/base-loader.js -> resource://devtools/server/actors/highlighters/auto-refresh.js, line 202: TypeError: this.win is null
JavaScript error: resource://devtools/shared/base-loader.js -> resource://devtools/server/actors/highlighters/auto-refresh.js, line 202: TypeError: this.win is null
JavaScript error: resource://devtools/shared/base-loader.js -> resource://devtools/server/actors/highlighters/auto-refresh.js, line 202: TypeError: this.win is null
JavaScript error: resource://devtools/shared/base-loader.js -> resource://devtools/server/actors/highlighters/auto-refresh.js, line 202: TypeError: this.win is null
JavaScript error: resource://devtools/shared/base-loader.js -> resource://devtools/server/actors/highlighters/auto-refresh.js, line 202: TypeError: this.win is null
JavaScript error: resource://devtools/shared/base-loader.js -> resource://devtools/server/actors/highlighters/auto-refresh.js, line 202: TypeError: this.win is null
JavaScript error: resource://devtools/shared/base-loader.js -> resource://devtools/server/actors/highlighters/auto-refresh.js, line 202: TypeError: this.win is null
JavaScript error: resource://devtools/shared/base-loader.js -> resource://devtools/server/actors/highlighters/auto-refresh.js, line 202: TypeError: this.win is null
JavaScript error: resource://devtools/shared/base-loader.js -> resource://devtools/server/actors/highlighters/auto-refresh.js, line 202: TypeError: this.win is null
JavaScript error: resource://devtools/shared/base-loader.js -> resource://devtools/server/actors/highlighters/auto-refresh.js, line 202: TypeError: this.win is null
JavaScript error: resource://devtools/shared/base-loader.js -> resource://devtools/server/actors/highlighters/auto-refresh.js, line 202: TypeError: this.win is null
JavaScript error: resource://devtools/shared/base-loader.js -> resource://devtools/server/actors/highlighters/auto-refresh.js, line 202: TypeError: this.win is null
JavaScript error: resource://devtools/shared/base-loader.js -> resource://devtools/server/actors/highlighters/auto-refresh.js, line 202: TypeError: this.win is null
JavaScript error: resource://devtools/shared/base-loader.js -> resource://devtools/server/actors/highlighters/auto-refresh.js, line 202: TypeError: this.win is null
JavaScript error: resource://devtools/shared/base-loader.js -> resource://devtools/server/actors/highlighters/auto-refresh.js, line 202: TypeError: this.win is null
JavaScript error: resource://devtools/shared/base-loader.js -> resource://devtools/server/actors/highlighters/auto-refresh.js, line 202: TypeError: this.win is null
JavaScript error: resource://devtools/shared/base-loader.js -> resource://devtools/server/actors/highlighters/auto-refresh.js, line 202: TypeError: this.win is null
JavaScript error: resource://devtools/shared/base-loader.js -> resource://devtools/server/actors/highlighters/auto-refresh.js, line 202: TypeError: this.win is null
JavaScript error: resource://devtools/shared/base-loader.js -> resource://devtools/server/actors/highlighters/auto-refresh.js, line 202: TypeError: this.win is null
JavaScript error: resource://devtools/shared/base-loader.js -> resource://devtools/server/actors/highlighters/auto-refresh.js, line 202: TypeError: this.win is null
JavaScript error: resource://devtools/shared/base-loader.js -> resource://devtools/server/actors/highlighters/auto-refresh.js, line 202: TypeError: this.win is null
JavaScript error: resource://devtools/shared/base-loader.js -> resource://devtools/server/actors/highlighters/auto-refresh.js, line 202: TypeError: this.win is null
JavaScript error: resource://devtools/shared/base-loader.js -> resource://devtools/server/actors/highlighters/auto-refresh.js, line 202: TypeError: this.win is null
JavaScript error: resource://devtools/shared/base-loader.js -> resource://devtools/server/actors/highlighters/auto-refresh.js, line 202: TypeError: this.win is null
JavaScript error: resource://devtools/shared/base-loader.js -> resource://devtools/server/actors/highlighters/auto-refresh.js, line 202: TypeError: this.win is null
JavaScript error: resource://devtools/shared/base-loader.js -> resource://devtools/server/actors/highlighters/auto-refresh.js, line 202: TypeError: this.win is null
JavaScript error: resource://devtools/shared/base-loader.js -> resource://devtools/server/actors/highlighters/auto-refresh.js, line 202: TypeError: this.win is null
JavaScript error: resource://devtools/shared/base-loader.js -> resource://devtools/server/actors/highlighters/auto-refresh.js, line 202: TypeError: this.win is null
JavaScript error: resource://devtools/shared/base-loader.js -> resource://devtools/server/actors/highlighters/auto-refresh.js, line 202: TypeError: this.win is null
JavaScript error: resource://devtools/shared/base-loader.js -> resource://devtools/server/actors/highlighters/auto-refresh.js, line 202: TypeError: this.win is null
JavaScript error: resource://devtools/shared/base-loader.js -> resource://devtools/server/actors/highlighters/auto-refresh.js, line 202: TypeError: this.win is null
[Parent 6940, Gecko_IOThread] WARNING: pipe error: 109: file z:/build/build/src/ipc/chromium/src/chrome/common/ipc_channel_win.cc, line 346
[Parent 6940, Gecko_IOThread] WARNING: pipe error: 109: file z:/build/build/src/ipc/chromium/src/chrome/common/ipc_channel_win.cc, line 346
[Parent 6940, Gecko_IOThread] WARNING: pipe error: 109: file z:/build/build/src/ipc/chromium/src/chrome/common/ipc_channel_win.cc, line 346
[Parent 6940, Gecko_IOThread] WARNING: pipe error: 109: file z:/build/build/src/ipc/chromium/src/chrome/common/ipc_channel_win.cc, line 346
[Child 3692, Chrome_ChildThread] WARNING: pipe error: 109: file z:/build/build/src/ipc/chromium/src/chrome/common/ipc_channel_win.cc, line 346
[Child 7320, Chrome_ChildThread] WARNING: pipe error: 109: file z:/build/build/src/ipc/chromium/src/chrome/common/ipc_channel_win.cc, line 346
[Child 7320, Chrome_ChildThread] WARNING: pipe error: 109: file z:/build/build/src/ipc/chromium/src/chrome/common/ipc_channel_win.cc, line 346
[Child 7304, Chrome_ChildThread] WARNING: pipe error: 109: file z:/build/build/src/ipc/chromium/src/chrome/common/ipc_channel_win.cc, line 346
[Child 7304, Chrome_ChildThread] WARNING: pipe error: 109: file z:/build/build/src/ipc/chromium/src/chrome/common/ipc_channel_win.cc, line 346
[Child 7344, Chrome_ChildThread] WARNING: pipe error: 109: file z:/build/build/src/ipc/chromium/src/chrome/common/ipc_channel_win.cc, line 346
[Child 7344, Chrome_ChildThread] WARNING: pipe error: 109: file z:/build/build/src/ipc/chromium/src/chrome/common/ipc_channel_win.cc, line 346
[Child 5556, Chrome_ChildThread] WARNING: pipe error: 109: file z:/build/build/src/ipc/chromium/src/chrome/common/ipc_channel_win.cc, line 346
[Child 5556, Chrome_ChildThread] WARNING: pipe error: 109: file z:/build/build/src/ipc/chromium/src/chrome/common/ipc_channel_win.cc, line 346
[Parent 6940, Gecko_IOThread] WARNING: file z:/build/build/src/ipc/chromium/src/base/process_util_win.cc, line 188
1537752981409	Marionette	INFO	Stopped listening on port 51544
1565861644487	geckodriver	INFO	geckodriver 0.21.0
1565861644496	geckodriver	INFO	Listening on 127.0.0.1:58646
