1537685817120	geckodriver	INFO	geckodriver 0.21.0
1537685817120	geckodriver	INFO	Listening on 127.0.0.1:50813
1537685820178	mozrunner::runner	INFO	Running command: "C:\\Program Files\\Mozilla Firefox\\firefox.exe" "-marionette" "-foreground" "-no-remote" "-profile" "C:\\Users\\xdclass\\AppData\\Local\\Temp\\rust_mozprofile.tqXNIeWEyDeD"
1537685821912	Marionette	INFO	Listening on port 50821
1537685822354	Marionette	WARN	TLS certificate errors will be ignored for this session
1537685822387	Marionette	DEBUG	[6442450945] Frame script loaded
1537685822392	Marionette	DEBUG	[6442450945] Frame script registered
1537685822415	Marionette	DEBUG	[6442450945] Received DOM event beforeunload for about:blank
1537685822560	Marionette	DEBUG	[6442450945] Received DOM event pagehide for about:blank
1537685822993	Marionette	DEBUG	[6442450945] Received DOM event DOMContentLoaded for https://xdclass.net/#/
1537685823185	Marionette	DEBUG	[6442450945] Received DOM event pageshow for https://xdclass.net/#/index
[Parent 3680, Gecko_IOThread] WARNING: pipe error: 109: file z:/build/build/src/ipc/chromium/src/chrome/common/ipc_channel_win.cc, line 346
[Child 3684, Chrome_ChildThread] WARNING: pipe error: 232: file z:/build/build/src/ipc/chromium/src/chrome/common/ipc_channel_win.cc, line 513
[Child 3684, Chrome_ChildThread] WARNING: pipe error: 232: file z:/build/build/src/ipc/chromium/src/chrome/common/ipc_channel_win.cc, line 513
[Child 3684, Chrome_ChildThread] WARNING: pipe error: 109: file z:/build/build/src/ipc/chromium/src/chrome/common/ipc_channel_win.cc, line 346
[Child 3684, Chrome_ChildThread] WARNING: pipe error: 109: file z:/build/build/src/ipc/chromium/src/chrome/common/ipc_channel_win.cc, line 346
[Child 3632, Chrome_ChildThread] WARNING: pipe error: 109: file z:/build/build/src/ipc/chromium/src/chrome/common/ipc_channel_win.cc, line 346
[Child 3632, Chrome_ChildThread] WARNING: pipe error: 109: file z:/build/build/src/ipc/chromium/src/chrome/common/ipc_channel_win.cc, line 346
[Parent 3680, Gecko_IOThread] WARNING: pipe error: 109: file z:/build/build/src/ipc/chromium/src/chrome/common/ipc_channel_win.cc, line 346
[Child 3704, Chrome_ChildThread] WARNING: pipe error: 109: file z:/build/build/src/ipc/chromium/src/chrome/common/ipc_channel_win.cc, line 346
[Child 3704, Chrome_ChildThread] WARNING: pipe error: 109: file z:/build/build/src/ipc/chromium/src/chrome/common/ipc_channel_win.cc, line 346
1537685907311	Marionette	INFO	Stopped listening on port 50821
1537685910626	geckodriver	INFO	geckodriver 0.21.0
1537685910641	geckodriver	INFO	Listening on 127.0.0.1:50891
1537685913699	mozrunner::runner	INFO	Running command: "C:\\Program Files\\Mozilla Firefox\\firefox.exe" "-marionette" "-foreground" "-no-remote" "-profile" "C:\\Users\\xdclass\\AppData\\Local\\Temp\\rust_mozprofile.EXfYXIluY7hp"
1537685915476	Marionette	INFO	Listening on port 50899
1537685915850	Marionette	WARN	TLS certificate errors will be ignored for this session
1537685915883	Marionette	DEBUG	[6442450945] Frame script loaded
1537685915887	Marionette	DEBUG	[6442450945] Frame script registered
1537685915907	Marionette	DEBUG	[6442450945] Received DOM event beforeunload for about:blank
1537685915981	Marionette	DEBUG	[6442450945] Received DOM event pagehide for about:blank
1537685916284	Marionette	DEBUG	[6442450945] Received DOM event DOMContentLoaded for https://xdclass.net/#/
1537685916539	Marionette	DEBUG	[6442450945] Received DOM event pageshow for https://xdclass.net/#/index
1537685916823	Marionette	DEBUG	[6442450945] Canceled page load listener because no navigation has been detected
[Parent 3972, Gecko_IOThread] WARNING: pipe error: 109: file z:/build/build/src/ipc/chromium/src/chrome/common/ipc_channel_win.cc, line 346
[Child 5216, Chrome_ChildThread] WARNING: pipe error: 109: file z:/build/build/src/ipc/chromium/src/chrome/common/ipc_channel_win.cc, line 346
[Child 2408, Chrome_ChildThread] WARNING: pipe error: 109: file z:/build/build/src/ipc/chromium/src/chrome/common/ipc_channel_win.cc, line 346
[Child 2408, Chrome_ChildThread] WARNING: pipe error: 109: file z:/build/build/src/ipc/chromium/src/chrome/common/ipc_channel_win.cc, line 346
[Parent 3972, Gecko_IOThread] WARNING: pipe error: 109: file z:/build/build/src/ipc/chromium/src/chrome/common/ipc_channel_win.cc, line 346
[Child 2028, Chrome_ChildThread] WARNING: pipe error: 109: file z:/build/build/src/ipc/chromium/src/chrome/common/ipc_channel_win.cc, line 346
[Child 2028, Chrome_ChildThread] WARNING: pipe error: 109: file z:/build/build/src/ipc/chromium/src/chrome/common/ipc_channel_win.cc, line 346
1537686064900	Marionette	INFO	Stopped listening on port 50899
1537686072637	geckodriver	INFO	geckodriver 0.21.0
1537686072637	geckodriver	INFO	Listening on 127.0.0.1:50993
1537686075710	mozrunner::runner	INFO	Running command: "C:\\Program Files\\Mozilla Firefox\\firefox.exe" "-marionette" "-foreground" "-no-remote" "-profile" "C:\\Users\\xdclass\\AppData\\Local\\Temp\\rust_mozprofile.AC4YiBh9Ytn9"
1537686077420	Marionette	INFO	Listening on port 51001
1537686077840	Marionette	WARN	TLS certificate errors will be ignored for this session
1537686077873	Marionette	DEBUG	[6442450945] Frame script loaded
1537686077877	Marionette	DEBUG	[6442450945] Frame script registered
1537686077897	Marionette	DEBUG	[6442450945] Received DOM event beforeunload for about:blank
1537686077958	Marionette	DEBUG	[6442450945] Received DOM event pagehide for about:blank
1537686078313	Marionette	DEBUG	[6442450945] Received DOM event DOMContentLoaded for https://xdclass.net/#/
1537686078585	Marionette	DEBUG	[6442450945] Received DOM event pageshow for https://xdclass.net/#/index
1537686083833	Marionette	DEBUG	[6442450945] Canceled page load listener because no navigation has been detected
1537686512825	addons.productaddons	WARN	Failed downloading via XHR, status: 0, reason: error
1537686512825	addons.xpi	ERROR	Failed to download system add-on fxmonitor@mozilla.org: Error: Failed downloading via XHR, status: 0, reason: error (resource://gre/modules/addons/ProductAddonChecker.jsm:314:16) JS Stack trace: fail@ProductAddonChecker.jsm:314:16
1537686560202	addons.manager	WARN	Failed to update system addons: Error: Rejecting updated system add-on set that either could not be downloaded or contained unusable add-ons. (resource://gre/modules/addons/XPIInstall.jsm:3645:13) JS Stack trace: updateSystemAddons@XPIInstall.jsm:3645:13
[Parent 2792, Gecko_IOThread] WARNING: pipe error: 109: file z:/build/build/src/ipc/chromium/src/chrome/common/ipc_channel_win.cc, line 346
[Child 4364, Chrome_ChildThread] WARNING: pipe error: 109: file z:/build/build/src/ipc/chromium/src/chrome/common/ipc_channel_win.cc, line 346
[Child 4364, Chrome_ChildThread] WARNING: pipe error: 109: file z:/build/build/src/ipc/chromium/src/chrome/common/ipc_channel_win.cc, line 346
[Parent 2792, Gecko_IOThread] WARNING: pipe error: 109: file z:/build/build/src/ipc/chromium/src/chrome/common/ipc_channel_win.cc, line 346
[Child 2420, Chrome_ChildThread] WARNING: pipe error: 109: file z:/build/build/src/ipc/chromium/src/chrome/common/ipc_channel_win.cc, line 346
[Child 2420, Chrome_ChildThread] WARNING: pipe error: 109: file z:/build/build/src/ipc/chromium/src/chrome/common/ipc_channel_win.cc, line 346
[Child 3708, Chrome_ChildThread] WARNING: pipe error: 109: file z:/build/build/src/ipc/chromium/src/chrome/common/ipc_channel_win.cc, line 346
[Child 3708, Chrome_ChildThread] WARNING: pipe error: 109: file z:/build/build/src/ipc/chromium/src/chrome/common/ipc_channel_win.cc, line 346
[Parent 2792, Gecko_IOThread] WARNING: file z:/build/build/src/ipc/chromium/src/base/process_util_win.cc, line 188
1537698297011	Marionette	INFO	Stopped listening on port 51001
 346
[Child 5556, Chrome_ChildThread] WARNING: pipe error: 109: file z:/build/build/src/ipc/chromium/src/chrome/common/ipc_channel_win.cc, line 346
[Child 5556, Chrome_ChildThread] WARNING: pipe error: 109: file z:/build/build/src/ipc/chromium/src/chrome/common/ipc_channel_win.cc, line 346
1537698295848	Marionette	INFO	Stopped listening on port 51093
essage] Error: PLayerTransaction::Msg_ReleaseLayer Processing error: message was deserialized, but the handler returned false (indicating failure)

IPDL protocol error: Handler returned error code!

###!!! [Parent][DispatchAsyncMessage] Error: PLayerTransaction::Msg_ReleaseLayer Processing error: message was deserialized, but the handler returned false (indicating failure)

IPDL protocol error: Handler returned error code!

###!!! [Parent][DispatchAsyncMessage] Error: PLayerTransaction::Msg_ReleaseLayer Processing error: message was deserialized, but the handler returned false (indicating failure)

IPDL protocol error: Handler returned error code!

###!!! [Parent][DispatchAsyncMessage] Error: PLayerTransaction::Msg_ReleaseLayer Processing error: message was deserialized, but the handler returned false (indicating failure)

IPDL protocol error: Handler returned error code!

###!!! [Parent][DispatchAsyncMessage] Error: PLayerTransaction::Msg_ReleaseLayer Processing error: message was deserialized, but the handler returned false (indicating failure)

IPDL protocol error: Handler returned error code!

###!!! [Parent][DispatchAsyncMessage] Error: PLayerTransaction::Msg_ReleaseLayer Processing error: message was deserialized, but the handler returned false (indicating failure)

IPDL protocol error: Handler returned error code!

###!!! [Parent][DispatchAsyncMessage] Error: PLayerTransaction::Msg_ReleaseLayer Processing error: message was deserialized, but the handler returned false (indicating failure)

IPDL protocol error: Handler returned error code!

###!!! [Parent][DispatchAsyncMessage] Error: PLayerTransaction::Msg_ReleaseLayer Processing error: message was deserialized, but the handler returned false (indicating failure)

IPDL protocol error: Handler returned error code!

###!!! [Parent][DispatchAsyncMessage] Error: PLayerTransaction::Msg_ReleaseLayer Processing error: message was deserialized, but the handler returned false (indicating failure)

IPDL protocol error: Handler returned error code!

###!!! [Parent][DispatchAsyncMessage] Error: PLayerTransaction::Msg_ReleaseLayer Processing error: message was deserialized, but the handler returned false (indicating failure)

IPDL protocol error: Handler returned error code!

###!!! [Parent][DispatchAsyncMessage] Error: PLayerTransaction::Msg_ReleaseLayer Processing error: message was deserialized, but the handler returned false (indicating failure)

[Child 824, Chrome_ChildThread] WARNING: pipe error: 109: file z:/build/build/src/ipc/chromium/src/chrome/common/ipc_channel_win.cc, line 346

###!!! [Child][RunMessage] Error: Channel closing: too late to send/recv, messages will be lost

[Child 824, Chrome_ChildThread] WARNING: pipe error: 109: file z:/build/build/src/ipc/chromium/src/chrome/common/ipc_channel_win.cc, line 346
[Parent 3768, Gecko_IOThread] WARNING: pipe error: 109: file z:/build/build/src/ipc/chromium/src/chrome/common/ipc_channel_win.cc, line 346
[Parent 3768, Gecko_IOThread] WARNING: pipe error: 109: file z:/build/build/src/ipc/chromium/src/chrome/common/ipc_channel_win.cc, line 346
[Child 1652, Chrome_ChildThread] WARNING: pipe error: 109: file z:/build/build/src/ipc/chromium/src/chrome/common/ipc_channel_win.cc, line 346
[Child 1652, Chrome_ChildThread] WARNING: pipe error: 109: file z:/build/build/src/ipc/chromium/src/chrome/common/ipc_channel_win.cc, line 346
1537698293936	Marionette	INFO	Stopped listening on port 51165
